<?xml version="1.0" encoding="UTF-8"?>
<!-- Generated by org.testng.reporters.JUnitXMLReporter -->
<testsuite hostname="LAPTOP-6R2ID37A" name="Entrar Admin Module" tests="6" failures="0" timestamp="4 Aug 2021 07:50:34 GMT" time="100.677" errors="0">
  <testcase name="initialization" time="10.973" classname="biz.entrar.test.LoginTests"/>
  <testcase name="validCredentialsTeacher" time="7.105" classname="biz.entrar.test.OnlineAssessment"/>
  <testcase name="AddAssessmentMasters" time="27.864" classname="biz.entrar.test.OnlineAssessment"/>
  <testcase name="AddQuestions" time="23.69" classname="biz.entrar.test.OnlineAssessment"/>
  <testcase name="QuestionPrivew" time="11.667" classname="biz.entrar.test.OnlineAssessment"/>
  <testcase name="ExamPublish" time="19.151" classname="biz.entrar.test.OnlineAssessment"/>
</testsuite> <!-- Entrar Admin Module -->
