<?xml version="1.0" encoding="UTF-8"?>
<!-- Generated by org.testng.reporters.JUnitXMLReporter -->
<testsuite hostname="LAPTOP-6R2ID37A" ignored="18" name="Entrar Admin Module" tests="6" failures="0" timestamp="09 Aug 2021 04:52:46 GMT" time="128.323" errors="0">
  <testcase name="initialization" time="11.19" classname="biz.entrar.test.LoginTests"/>
  <testcase name="validCredentialsTeacher" time="8.015" classname="biz.entrar.test.OnlineAssessment"/>
  <testcase name="AddAssessmentMasters" time="40.284" classname="biz.entrar.test.OnlineAssessment"/>
  <testcase name="AddQuestions" time="32.289" classname="biz.entrar.test.OnlineAssessment"/>
  <testcase name="QuestionPrivew" time="13.577" classname="biz.entrar.test.OnlineAssessment"/>
  <testcase name="ExamPublish" time="22.866" classname="biz.entrar.test.OnlineAssessment"/>
  <testcase name="UploadSubjAnswerSheet" time="0.0" classname="biz.entrar.test.OnlineAssessment">
    <ignored/>
  </testcase> <!-- UploadSubjAnswerSheet -->
  <testcase name="StudentLogin2" time="0.0" classname="biz.entrar.test.OnlineAssessment">
    <ignored/>
  </testcase> <!-- StudentLogin2 -->
  <testcase name="SubmissionAdmForm" time="0.0" classname="biz.entrar.test.LoginTests">
    <ignored/>
  </testcase> <!-- SubmissionAdmForm -->
  <testcase name="SubjectiveExamPublish" time="0.0" classname="biz.entrar.test.OnlineAssessment">
    <ignored/>
  </testcase> <!-- SubjectiveExamPublish -->
  <testcase name="CheckStdAssessmentResult" time="0.0" classname="biz.entrar.test.OnlineAssessment">
    <ignored/>
  </testcase> <!-- CheckStdAssessmentResult -->
  <testcase name="validCredentialsAdmin" time="0.0" classname="biz.entrar.test.LoginTests">
    <ignored/>
  </testcase> <!-- validCredentialsAdmin -->
  <testcase name="StartSubjectiveExam" time="0.0" classname="biz.entrar.test.OnlineAssessment">
    <ignored/>
  </testcase> <!-- StartSubjectiveExam -->
  <testcase name="StartAssessment" time="0.0" classname="biz.entrar.test.OnlineAssessment">
    <ignored/>
  </testcase> <!-- StartAssessment -->
  <testcase name="AddEnqiryForm" time="0.0" classname="biz.entrar.test.LoginTests">
    <ignored/>
  </testcase> <!-- AddEnqiryForm -->
  <testcase name="ProcessEnqrForm" time="0.0" classname="biz.entrar.test.LoginTests">
    <ignored/>
  </testcase> <!-- ProcessEnqrForm -->
  <testcase name="addSubjectiveMastrExam" time="0.0" classname="biz.entrar.test.OnlineAssessment">
    <ignored/>
  </testcase> <!-- addSubjectiveMastrExam -->
  <testcase name="ScheduleEntranceTest" time="0.0" classname="biz.entrar.test.LoginTests">
    <ignored/>
  </testcase> <!-- ScheduleEntranceTest -->
  <testcase name="FeeCollection" time="0.0" classname="biz.entrar.test.LoginTests">
    <ignored/>
  </testcase> <!-- FeeCollection -->
  <testcase name="questionPaperUpload" time="0.0" classname="biz.entrar.test.OnlineAssessment">
    <ignored/>
  </testcase> <!-- questionPaperUpload -->
  <testcase name="StudentLogin" time="0.0" classname="biz.entrar.test.OnlineAssessment">
    <ignored/>
  </testcase> <!-- StudentLogin -->
  <testcase name="AssessmentPublish" time="0.0" classname="biz.entrar.test.OnlineAssessment">
    <ignored/>
  </testcase> <!-- AssessmentPublish -->
  <testcase name="subjectiveResultPublish" time="0.0" classname="biz.entrar.test.OnlineAssessment">
    <ignored/>
  </testcase> <!-- subjectiveResultPublish -->
  <testcase name="validCredentialsTeacher2" time="0.0" classname="biz.entrar.test.OnlineAssessment">
    <ignored/>
  </testcase> <!-- validCredentialsTeacher2 -->
</testsuite> <!-- Entrar Admin Module -->
