<?xml version="1.0" encoding="UTF-8"?>
<testsuite xmlns:xsi="http://www.w3.org/2001/XMLSchema-instance" xsi:noNamespaceSchemaLocation="https://maven.apache.org/surefire/maven-surefire-plugin/xsd/surefire-test-report-3.0.xsd" version="3.0" name="TestSuite" time="129.079" tests="6" errors="0" skipped="0" failures="0">
  <properties>
[...]
</properties>
  <testcase name="initialization" classname="biz.entrar.test.LoginTests" time="11.194"/>
  <testcase name="validCredentialsTeacher" classname="biz.entrar.test.OnlineAssessment" time="8.015"/>
  <testcase name="AddAssessmentMasters" classname="biz.entrar.test.OnlineAssessment" time="40.284"/>
  <testcase name="AddQuestions" classname="biz.entrar.test.OnlineAssessment" time="32.293"/>
  <testcase name="QuestionPrivew" classname="biz.entrar.test.OnlineAssessment" time="13.578"/>
  <testcase name="ExamPublish" classname="biz.entrar.test.OnlineAssessment" time="22.864"/>
</testsuite>