<?xml version="1.0" encoding="UTF-8"?>
<testng-results skipped="0" failed="0" ignored="18" total="24" passed="6">
  <reporter-output>
  </reporter-output>
  <suite name="Suite" duration-ms="128323" started-at="2021-08-09T04:50:38Z" finished-at="2021-08-09T04:52:46Z">
    <groups>
    </groups>
    <test name="Entrar Admin Module" duration-ms="128323" started-at="2021-08-09T04:50:38Z" finished-at="2021-08-09T04:52:46Z">
      <class name="biz.entrar.test.OnlineAssessment">
        <test-method status="PASS" signature="beforeClass()[pri:0, instance:biz.entrar.test.OnlineAssessment@27a5f880]" name="beforeClass" is-config="true" duration-ms="50" started-at="2021-08-09T04:50:49Z" finished-at="2021-08-09T04:50:49Z">
          <reporter-output>
          </reporter-output>
        </test-method> <!-- beforeClass -->
        <test-method status="PASS" signature="beforeMethod()[pri:0, instance:biz.entrar.test.OnlineAssessment@27a5f880]" name="beforeMethod" is-config="true" duration-ms="0" started-at="2021-08-09T04:50:49Z" finished-at="2021-08-09T04:50:49Z">
          <reporter-output>
          </reporter-output>
        </test-method> <!-- beforeMethod -->
        <test-method status="PASS" signature="validCredentialsTeacher()[pri:0, instance:biz.entrar.test.OnlineAssessment@27a5f880]" name="validCredentialsTeacher" duration-ms="8015" started-at="2021-08-09T04:50:49Z" finished-at="2021-08-09T04:50:57Z">
          <reporter-output>
          </reporter-output>
        </test-method> <!-- validCredentialsTeacher -->
        <test-method status="PASS" signature="beforeMethod()[pri:0, instance:biz.entrar.test.OnlineAssessment@27a5f880]" name="beforeMethod" is-config="true" duration-ms="4" started-at="2021-08-09T04:50:57Z" finished-at="2021-08-09T04:50:57Z">
          <reporter-output>
          </reporter-output>
        </test-method> <!-- beforeMethod -->
        <test-method status="PASS" signature="afterMethod()[pri:0, instance:biz.entrar.test.OnlineAssessment@27a5f880]" name="afterMethod" is-config="true" duration-ms="0" started-at="2021-08-09T04:50:57Z" finished-at="2021-08-09T04:50:57Z">
          <reporter-output>
          </reporter-output>
        </test-method> <!-- afterMethod -->
        <test-method status="PASS" signature="AddAssessmentMasters()[pri:0, instance:biz.entrar.test.OnlineAssessment@27a5f880]" name="AddAssessmentMasters" duration-ms="40284" started-at="2021-08-09T04:50:57Z" finished-at="2021-08-09T04:51:37Z">
          <reporter-output>
          </reporter-output>
        </test-method> <!-- AddAssessmentMasters -->
        <test-method status="PASS" signature="AddQuestions()[pri:0, instance:biz.entrar.test.OnlineAssessment@27a5f880]" name="AddQuestions" duration-ms="32289" started-at="2021-08-09T04:51:37Z" finished-at="2021-08-09T04:52:09Z">
          <reporter-output>
          </reporter-output>
        </test-method> <!-- AddQuestions -->
        <test-method status="PASS" signature="afterMethod()[pri:0, instance:biz.entrar.test.OnlineAssessment@27a5f880]" name="afterMethod" is-config="true" duration-ms="0" started-at="2021-08-09T04:51:37Z" finished-at="2021-08-09T04:51:37Z">
          <reporter-output>
          </reporter-output>
        </test-method> <!-- afterMethod -->
        <test-method status="PASS" signature="beforeMethod()[pri:0, instance:biz.entrar.test.OnlineAssessment@27a5f880]" name="beforeMethod" is-config="true" duration-ms="0" started-at="2021-08-09T04:51:37Z" finished-at="2021-08-09T04:51:37Z">
          <reporter-output>
          </reporter-output>
        </test-method> <!-- beforeMethod -->
        <test-method status="PASS" signature="afterMethod()[pri:0, instance:biz.entrar.test.OnlineAssessment@27a5f880]" name="afterMethod" is-config="true" duration-ms="4" started-at="2021-08-09T04:52:09Z" finished-at="2021-08-09T04:52:09Z">
          <reporter-output>
          </reporter-output>
        </test-method> <!-- afterMethod -->
        <test-method status="PASS" signature="beforeMethod()[pri:0, instance:biz.entrar.test.OnlineAssessment@27a5f880]" name="beforeMethod" is-config="true" duration-ms="0" started-at="2021-08-09T04:52:09Z" finished-at="2021-08-09T04:52:09Z">
          <reporter-output>
          </reporter-output>
        </test-method> <!-- beforeMethod -->
        <test-method status="PASS" signature="QuestionPrivew()[pri:0, instance:biz.entrar.test.OnlineAssessment@27a5f880]" name="QuestionPrivew" duration-ms="13577" started-at="2021-08-09T04:52:09Z" finished-at="2021-08-09T04:52:23Z">
          <reporter-output>
          </reporter-output>
        </test-method> <!-- QuestionPrivew -->
        <test-method status="PASS" signature="afterMethod()[pri:0, instance:biz.entrar.test.OnlineAssessment@27a5f880]" name="afterMethod" is-config="true" duration-ms="0" started-at="2021-08-09T04:52:23Z" finished-at="2021-08-09T04:52:23Z">
          <reporter-output>
          </reporter-output>
        </test-method> <!-- afterMethod -->
        <test-method status="PASS" signature="ExamPublish()[pri:0, instance:biz.entrar.test.OnlineAssessment@27a5f880]" name="ExamPublish" duration-ms="22866" started-at="2021-08-09T04:52:23Z" finished-at="2021-08-09T04:52:46Z">
          <reporter-output>
          </reporter-output>
        </test-method> <!-- ExamPublish -->
        <test-method status="PASS" signature="beforeMethod()[pri:0, instance:biz.entrar.test.OnlineAssessment@27a5f880]" name="beforeMethod" is-config="true" duration-ms="0" started-at="2021-08-09T04:52:23Z" finished-at="2021-08-09T04:52:23Z">
          <reporter-output>
          </reporter-output>
        </test-method> <!-- beforeMethod -->
        <test-method status="PASS" signature="afterMethod()[pri:0, instance:biz.entrar.test.OnlineAssessment@27a5f880]" name="afterMethod" is-config="true" duration-ms="0" started-at="2021-08-09T04:52:46Z" finished-at="2021-08-09T04:52:46Z">
          <reporter-output>
          </reporter-output>
        </test-method> <!-- afterMethod -->
        <test-method status="PASS" signature="afterClass()[pri:0, instance:biz.entrar.test.OnlineAssessment@27a5f880]" name="afterClass" is-config="true" duration-ms="0" started-at="2021-08-09T04:52:46Z" finished-at="2021-08-09T04:52:46Z">
          <reporter-output>
          </reporter-output>
        </test-method> <!-- afterClass -->
      </class> <!-- biz.entrar.test.OnlineAssessment -->
      <class name="biz.entrar.test.LoginTests">
        <test-method status="PASS" signature="beforeClass()[pri:0, instance:biz.entrar.test.LoginTests@394e1a0f]" name="beforeClass" is-config="true" duration-ms="16" started-at="2021-08-09T04:50:38Z" finished-at="2021-08-09T04:50:38Z">
          <reporter-output>
          </reporter-output>
        </test-method> <!-- beforeClass -->
        <test-method status="PASS" signature="beforeMethod()[pri:0, instance:biz.entrar.test.LoginTests@394e1a0f]" name="beforeMethod" is-config="true" duration-ms="0" started-at="2021-08-09T04:50:38Z" finished-at="2021-08-09T04:50:38Z">
          <reporter-output>
          </reporter-output>
        </test-method> <!-- beforeMethod -->
        <test-method status="PASS" signature="initialization()[pri:0, instance:biz.entrar.test.LoginTests@394e1a0f]" name="initialization" duration-ms="11190" started-at="2021-08-09T04:50:38Z" finished-at="2021-08-09T04:50:49Z">
          <reporter-output>
          </reporter-output>
        </test-method> <!-- initialization -->
        <test-method status="PASS" signature="afterMethod()[pri:0, instance:biz.entrar.test.LoginTests@394e1a0f]" name="afterMethod" is-config="true" duration-ms="0" started-at="2021-08-09T04:50:49Z" finished-at="2021-08-09T04:50:49Z">
          <reporter-output>
          </reporter-output>
        </test-method> <!-- afterMethod -->
        <test-method status="PASS" signature="afterClass()[pri:0, instance:biz.entrar.test.LoginTests@394e1a0f]" name="afterClass" is-config="true" duration-ms="0" started-at="2021-08-09T04:50:49Z" finished-at="2021-08-09T04:50:49Z">
          <reporter-output>
          </reporter-output>
        </test-method> <!-- afterClass -->
      </class> <!-- biz.entrar.test.LoginTests -->
    </test> <!-- Entrar Admin Module -->
  </suite> <!-- Suite -->
</testng-results>
