<?xml version="1.0" encoding="UTF-8"?>
<testng-results skipped="0" failed="1" total="4" passed="3">
  <reporter-output>
  </reporter-output>
  <suite name="Suite" duration-ms="25536" started-at="2022-09-22T07:18:42Z" finished-at="2022-09-22T07:19:08Z">
    <groups>
    </groups>
    <test name="Entrar Admin Module2" duration-ms="25234" started-at="2022-09-22T07:18:42Z" finished-at="2022-09-22T07:19:08Z">
      <class name="biz.entrar.test.LoginTests">
        <test-method status="PASS" signature="beforeClass()[pri:0, instance:biz.entrar.test.LoginTests@2d928643]" name="beforeClass" is-config="true" duration-ms="5" started-at="2022-09-22T12:48:42Z" finished-at="2022-09-22T12:48:42Z">
          <reporter-output>
          </reporter-output>
        </test-method> <!-- beforeClass -->
        <test-method status="PASS" signature="beforeMethod()[pri:0, instance:biz.entrar.test.LoginTests@2d928643]" name="beforeMethod" is-config="true" duration-ms="0" started-at="2022-09-22T12:48:43Z" finished-at="2022-09-22T12:48:43Z">
          <reporter-output>
          </reporter-output>
        </test-method> <!-- beforeMethod -->
        <test-method status="PASS" signature="initialization(java.lang.String, java.lang.String)[pri:0, instance:biz.entrar.test.LoginTests@2d928643]" name="initialization" duration-ms="18600" started-at="2022-09-22T12:48:43Z" finished-at="2022-09-22T12:49:01Z">
          <params>
            <param index="0">
              <value>
                <![CDATA[ff]]>
              </value>
            </param>
            <param index="1">
              <value>
                <![CDATA[7777]]>
              </value>
            </param>
          </params>
          <reporter-output>
          </reporter-output>
        </test-method> <!-- initialization -->
        <test-method status="FAIL" signature="validCredentialsAdmin()[pri:0, instance:biz.entrar.test.LoginTests@2d928643]" name="validCredentialsAdmin" duration-ms="6477" started-at="2022-09-22T12:49:01Z" finished-at="2022-09-22T12:49:08Z">
          <exception class="org.openqa.selenium.StaleElementReferenceException">
            <message>
              <![CDATA[stale element reference: element is not attached to the page document
  (Session info: chrome=105.0.5195.127)
For documentation on this error, please visit: http://seleniumhq.org/exceptions/stale_element_reference.html
Build info: version: '3.14.0', revision: 'aacccce0', time: '2018-08-02T20:19:58.91Z'
System info: host: 'LAPTOP-6R2ID37A', ip: '192.168.0.108', os.name: 'Windows 10', os.arch: 'amd64', os.version: '10.0', java.version: '1.8.0_251'
Driver info: org.openqa.selenium.chrome.ChromeDriver
Capabilities {acceptInsecureCerts: false, browserName: chrome, browserVersion: 105.0.5195.127, chrome: {chromedriverVersion: 104.0.5112.79 (3cf3e8c8a07d..., userDataDir: C:\Users\Anil\AppData\Local...}, goog:chromeOptions: {debuggerAddress: localhost:52380}, javascriptEnabled: true, networkConnectionEnabled: false, pageLoadStrategy: normal, platform: WINDOWS, platformName: WINDOWS, proxy: Proxy(), setWindowRect: true, strictFileInteractability: false, timeouts: {implicit: 0, pageLoad: 300000, script: 30000}, unhandledPromptBehavior: dismiss and notify, webauthn:extension:credBlob: true, webauthn:extension:largeBlob: true, webauthn:virtualAuthenticators: true}
Session ID: 537f6877bf0306d9c0e122e1b26c4321]]>
            </message>
            <full-stacktrace>
              <![CDATA[org.openqa.selenium.StaleElementReferenceException: stale element reference: element is not attached to the page document
  (Session info: chrome=105.0.5195.127)
For documentation on this error, please visit: http://seleniumhq.org/exceptions/stale_element_reference.html
Build info: version: '3.14.0', revision: 'aacccce0', time: '2018-08-02T20:19:58.91Z'
System info: host: 'LAPTOP-6R2ID37A', ip: '192.168.0.108', os.name: 'Windows 10', os.arch: 'amd64', os.version: '10.0', java.version: '1.8.0_251'
Driver info: org.openqa.selenium.chrome.ChromeDriver
Capabilities {acceptInsecureCerts: false, browserName: chrome, browserVersion: 105.0.5195.127, chrome: {chromedriverVersion: 104.0.5112.79 (3cf3e8c8a07d..., userDataDir: C:\Users\Anil\AppData\Local...}, goog:chromeOptions: {debuggerAddress: localhost:52380}, javascriptEnabled: true, networkConnectionEnabled: false, pageLoadStrategy: normal, platform: WINDOWS, platformName: WINDOWS, proxy: Proxy(), setWindowRect: true, strictFileInteractability: false, timeouts: {implicit: 0, pageLoad: 300000, script: 30000}, unhandledPromptBehavior: dismiss and notify, webauthn:extension:credBlob: true, webauthn:extension:largeBlob: true, webauthn:virtualAuthenticators: true}
Session ID: 537f6877bf0306d9c0e122e1b26c4321
	at sun.reflect.NativeConstructorAccessorImpl.newInstance0(Native Method)
	at sun.reflect.NativeConstructorAccessorImpl.newInstance(NativeConstructorAccessorImpl.java:62)
	at sun.reflect.DelegatingConstructorAccessorImpl.newInstance(DelegatingConstructorAccessorImpl.java:45)
	at java.lang.reflect.Constructor.newInstance(Constructor.java:423)
	at org.openqa.selenium.remote.http.W3CHttpResponseCodec.createException(W3CHttpResponseCodec.java:187)
	at org.openqa.selenium.remote.http.W3CHttpResponseCodec.decode(W3CHttpResponseCodec.java:122)
	at org.openqa.selenium.remote.http.W3CHttpResponseCodec.decode(W3CHttpResponseCodec.java:49)
	at org.openqa.selenium.remote.HttpCommandExecutor.execute(HttpCommandExecutor.java:158)
	at org.openqa.selenium.remote.service.DriverCommandExecutor.execute(DriverCommandExecutor.java:83)
	at org.openqa.selenium.remote.RemoteWebDriver.execute(RemoteWebDriver.java:548)
	at org.openqa.selenium.remote.RemoteWebElement.execute(RemoteWebElement.java:276)
	at org.openqa.selenium.remote.RemoteWebElement.isDisplayed(RemoteWebElement.java:317)
	at sun.reflect.NativeMethodAccessorImpl.invoke0(Native Method)
	at sun.reflect.NativeMethodAccessorImpl.invoke(NativeMethodAccessorImpl.java:62)
	at sun.reflect.DelegatingMethodAccessorImpl.invoke(DelegatingMethodAccessorImpl.java:43)
	at java.lang.reflect.Method.invoke(Method.java:498)
	at org.openqa.selenium.support.pagefactory.internal.LocatingElementHandler.invoke(LocatingElementHandler.java:51)
	at com.sun.proxy.$Proxy12.isDisplayed(Unknown Source)
	at org.openqa.selenium.support.ui.ExpectedConditions.elementIfVisible(ExpectedConditions.java:315)
	at org.openqa.selenium.support.ui.ExpectedConditions.access$100(ExpectedConditions.java:44)
	at org.openqa.selenium.support.ui.ExpectedConditions$10.apply(ExpectedConditions.java:301)
	at org.openqa.selenium.support.ui.ExpectedConditions$10.apply(ExpectedConditions.java:298)
	at org.openqa.selenium.support.ui.FluentWait.until(FluentWait.java:260)
	at biz.entrarBase.BaseTest.waitForVisibility(BaseTest.java:174)
	at biz.entrarBase.BaseTest.sendKeys(BaseTest.java:208)
	at biz.entrar.pagesPOM.Login_page.username(Login_page.java:51)
	at biz.entrar.test.LoginTests.validCredentialsAdmin(LoginTests.java:82)
	at sun.reflect.NativeMethodAccessorImpl.invoke0(Native Method)
	at sun.reflect.NativeMethodAccessorImpl.invoke(NativeMethodAccessorImpl.java:62)
	at sun.reflect.DelegatingMethodAccessorImpl.invoke(DelegatingMethodAccessorImpl.java:43)
	at java.lang.reflect.Method.invoke(Method.java:498)
	at org.testng.internal.MethodInvocationHelper.invokeMethod(MethodInvocationHelper.java:100)
	at org.testng.internal.Invoker.invokeMethod(Invoker.java:646)
	at org.testng.internal.Invoker.invokeTestMethod(Invoker.java:811)
	at org.testng.internal.Invoker.invokeTestMethods(Invoker.java:1129)
	at org.testng.internal.TestMethodWorker.invokeTestMethods(TestMethodWorker.java:129)
	at org.testng.internal.TestMethodWorker.run(TestMethodWorker.java:112)
	at org.testng.TestRunner.privateRun(TestRunner.java:746)
	at org.testng.TestRunner.run(TestRunner.java:600)
	at org.testng.SuiteRunner.runTest(SuiteRunner.java:366)
	at org.testng.SuiteRunner.access$000(SuiteRunner.java:39)
	at org.testng.SuiteRunner$SuiteWorker.run(SuiteRunner.java:400)
	at org.testng.internal.thread.ThreadUtil$2.call(ThreadUtil.java:64)
	at java.util.concurrent.FutureTask.run(FutureTask.java:266)
	at java.util.concurrent.ThreadPoolExecutor.runWorker(ThreadPoolExecutor.java:1149)
	at java.util.concurrent.ThreadPoolExecutor$Worker.run(ThreadPoolExecutor.java:624)
	at java.lang.Thread.run(Thread.java:748)
]]>
            </full-stacktrace>
          </exception> <!-- org.openqa.selenium.StaleElementReferenceException -->
          <reporter-output>
          </reporter-output>
        </test-method> <!-- validCredentialsAdmin -->
        <test-method status="PASS" signature="beforeMethod()[pri:0, instance:biz.entrar.test.LoginTests@2d928643]" name="beforeMethod" is-config="true" duration-ms="0" started-at="2022-09-22T12:49:01Z" finished-at="2022-09-22T12:49:01Z">
          <reporter-output>
          </reporter-output>
        </test-method> <!-- beforeMethod -->
        <test-method status="PASS" signature="afterMethod()[pri:0, instance:biz.entrar.test.LoginTests@2d928643]" name="afterMethod" is-config="true" duration-ms="0" started-at="2022-09-22T12:49:01Z" finished-at="2022-09-22T12:49:01Z">
          <reporter-output>
          </reporter-output>
        </test-method> <!-- afterMethod -->
        <test-method status="PASS" signature="afterMethod()[pri:0, instance:biz.entrar.test.LoginTests@2d928643]" name="afterMethod" is-config="true" duration-ms="0" started-at="2022-09-22T12:49:08Z" finished-at="2022-09-22T12:49:08Z">
          <reporter-output>
          </reporter-output>
        </test-method> <!-- afterMethod -->
        <test-method status="PASS" signature="afterClass()[pri:0, instance:biz.entrar.test.LoginTests@2d928643]" name="afterClass" is-config="true" duration-ms="0" started-at="2022-09-22T12:49:08Z" finished-at="2022-09-22T12:49:08Z">
          <reporter-output>
          </reporter-output>
        </test-method> <!-- afterClass -->
      </class> <!-- biz.entrar.test.LoginTests -->
    </test> <!-- Entrar Admin Module2 -->
    <test name="Entrar Admin Module" duration-ms="25536" started-at="2022-09-22T07:18:42Z" finished-at="2022-09-22T07:19:08Z">
      <class name="biz.entrar.test.LoginTests">
        <test-method status="PASS" signature="beforeClass()[pri:0, instance:biz.entrar.test.LoginTests@31a5c39e]" name="beforeClass" is-config="true" duration-ms="5" started-at="2022-09-22T12:48:42Z" finished-at="2022-09-22T12:48:42Z">
          <reporter-output>
          </reporter-output>
        </test-method> <!-- beforeClass -->
        <test-method status="PASS" signature="initialization(java.lang.String, java.lang.String)[pri:0, instance:biz.entrar.test.LoginTests@31a5c39e]" name="initialization" duration-ms="23009" started-at="2022-09-22T12:48:43Z" finished-at="2022-09-22T12:49:06Z">
          <params>
            <param index="0">
              <value>
                <![CDATA[chrome]]>
              </value>
            </param>
            <param index="1">
              <value>
                <![CDATA[6666]]>
              </value>
            </param>
          </params>
          <reporter-output>
          </reporter-output>
        </test-method> <!-- initialization -->
        <test-method status="PASS" signature="beforeMethod()[pri:0, instance:biz.entrar.test.LoginTests@31a5c39e]" name="beforeMethod" is-config="true" duration-ms="0" started-at="2022-09-22T12:48:43Z" finished-at="2022-09-22T12:48:43Z">
          <reporter-output>
          </reporter-output>
        </test-method> <!-- beforeMethod -->
        <test-method status="PASS" signature="afterMethod()[pri:0, instance:biz.entrar.test.LoginTests@31a5c39e]" name="afterMethod" is-config="true" duration-ms="1" started-at="2022-09-22T12:49:06Z" finished-at="2022-09-22T12:49:06Z">
          <reporter-output>
          </reporter-output>
        </test-method> <!-- afterMethod -->
        <test-method status="PASS" signature="beforeMethod()[pri:0, instance:biz.entrar.test.LoginTests@31a5c39e]" name="beforeMethod" is-config="true" duration-ms="1" started-at="2022-09-22T12:49:06Z" finished-at="2022-09-22T12:49:06Z">
          <reporter-output>
          </reporter-output>
        </test-method> <!-- beforeMethod -->
        <test-method status="PASS" signature="validCredentialsAdmin()[pri:0, instance:biz.entrar.test.LoginTests@31a5c39e]" name="validCredentialsAdmin" duration-ms="2504" started-at="2022-09-22T12:49:06Z" finished-at="2022-09-22T12:49:08Z">
          <reporter-output>
          </reporter-output>
        </test-method> <!-- validCredentialsAdmin -->
        <test-method status="PASS" signature="afterMethod()[pri:0, instance:biz.entrar.test.LoginTests@31a5c39e]" name="afterMethod" is-config="true" duration-ms="1" started-at="2022-09-22T12:49:08Z" finished-at="2022-09-22T12:49:08Z">
          <reporter-output>
          </reporter-output>
        </test-method> <!-- afterMethod -->
        <test-method status="PASS" signature="afterClass()[pri:0, instance:biz.entrar.test.LoginTests@31a5c39e]" name="afterClass" is-config="true" duration-ms="0" started-at="2022-09-22T12:49:08Z" finished-at="2022-09-22T12:49:08Z">
          <reporter-output>
          </reporter-output>
        </test-method> <!-- afterClass -->
      </class> <!-- biz.entrar.test.LoginTests -->
    </test> <!-- Entrar Admin Module -->
  </suite> <!-- Suite -->
</testng-results>
